2024-09-25T14:10:35.404Z [info]: Connected to IMAP server
2024-09-25T14:13:05.597Z [info]: Connected to IMAP server
2024-09-25T14:18:29.611Z [info]: Connected to IMAP server
2024-09-25T14:22:52.309Z [info]: Connected to IMAP server
2024-09-25T14:22:52.449Z [info]: Fetched [object AsyncGenerator] unseen messages
2024-09-25T14:22:52.509Z [info]: Logged out from IMAP server
2024-09-25T14:22:53.542Z [info]: Connected to MongoDB
2024-09-25T19:32:10.719Z [error]: MongoDB connection error: The `uri` parameter to `openUri()` must be a string, got "undefined". Make sure the first parameter to `mongoose.connect()` or `mongoose.createConnection()` is a string.
2024-09-25T19:32:11.601Z [info]: Connected to IMAP server
2024-09-25T19:32:11.952Z [info]: Fetched [object AsyncGenerator] unseen messages
2024-09-25T19:32:12.048Z [info]: Processing message with UID: 3
2024-09-25T19:32:12.131Z [info]: Parsed email from: "Google" <no-reply@accounts.google.com>
2024-09-25T19:32:12.132Z [info]: Extracted lead info: {"wunschposition":"Nicht angegeben","name":"undefined ","anschrift":"Nicht angegeben","geburtsdatum":"2024-09-25T19:32:12.132Z","tel":"Nicht angegeben","geburtsort":"Nicht angegeben","ip":"0.0.0.0","leadId":0,"eingabeschluessel":"Nicht angegeben","email":"no-reply@accounts.google.com","emailReceived":"2024-09-25T19:27:17.000Z","emailSent":"pending","gender":"other"}
2024-09-25T19:32:22.141Z [error]: Parsing error for email 3: Operation `leads.findOne()` buffering timed out after 10000ms
2024-09-25T19:33:27.959Z [error]: MongoDB connection error: The `uri` parameter to `openUri()` must be a string, got "undefined". Make sure the first parameter to `mongoose.connect()` or `mongoose.createConnection()` is a string.
2024-09-25T19:33:28.810Z [info]: Connected to IMAP server
2024-09-25T19:33:29.116Z [info]: Fetched [object AsyncGenerator] unseen messages
2024-09-25T19:33:29.225Z [info]: Processing message with UID: 3
2024-09-25T19:33:29.310Z [info]: Parsed email from: "Google" <no-reply@accounts.google.com>
2024-09-25T19:33:29.310Z [info]: Extracted lead info: {"wunschposition":"Nicht angegeben","name":"undefined ","anschrift":"Nicht angegeben","geburtsdatum":"2024-09-25T19:33:29.310Z","tel":"Nicht angegeben","geburtsort":"Nicht angegeben","ip":"0.0.0.0","leadId":0,"eingabeschluessel":"Nicht angegeben","email":"no-reply@accounts.google.com","emailReceived":"2024-09-25T19:27:17.000Z","emailSent":"pending","gender":"other"}
2024-09-25T19:33:35.749Z [error]: MongoDB connection error: The `uri` parameter to `openUri()` must be a string, got "undefined". Make sure the first parameter to `mongoose.connect()` or `mongoose.createConnection()` is a string.
2024-09-25T19:33:36.500Z [info]: Connected to IMAP server
2024-09-25T19:33:36.898Z [info]: Logged out from IMAP server
2024-09-25T19:34:02.562Z [error]: MongoDB connection error: The `uri` parameter to `openUri()` must be a string, got "undefined". Make sure the first parameter to `mongoose.connect()` or `mongoose.createConnection()` is a string.
2024-09-25T19:34:11.549Z [error]: MongoDB connection error: The `uri` parameter to `openUri()` must be a string, got "undefined". Make sure the first parameter to `mongoose.connect()` or `mongoose.createConnection()` is a string.
2024-09-25T19:35:05.395Z [error]: MongoDB connection error: The `uri` parameter to `openUri()` must be a string, got "undefined". Make sure the first parameter to `mongoose.connect()` or `mongoose.createConnection()` is a string.
2024-09-25T19:35:29.122Z [error]: MongoDB connection error: The `uri` parameter to `openUri()` must be a string, got "undefined". Make sure the first parameter to `mongoose.connect()` or `mongoose.createConnection()` is a string.
2024-09-25T19:36:01.028Z [error]: MongoDB connection error: The `uri` parameter to `openUri()` must be a string, got "undefined". Make sure the first parameter to `mongoose.connect()` or `mongoose.createConnection()` is a string.
2024-09-25T19:36:02.154Z [info]: Fetched [object AsyncGenerator] unseen messages
2024-09-25T19:38:31.979Z [info]: Connected to MongoDB
2024-09-25T19:38:32.301Z [info]: Fetched [object AsyncGenerator] unseen messages
2024-09-25T19:38:32.489Z [info]: Logged out from IMAP server
2024-09-25T19:39:11.102Z [info]: Connected to MongoDB
2024-09-25T19:39:11.146Z [info]: Connected to IMAP server
2024-09-25T19:39:11.492Z [info]: Fetched [object AsyncGenerator] unseen messages
2024-09-25T19:39:11.628Z [info]: Processing message with UID: 3
2024-09-25T19:39:11.714Z [info]: Parsed email from: "Google" <no-reply@accounts.google.com>
2024-09-25T19:39:11.714Z [info]: Extracted lead info: {"wunschposition":"Nicht angegeben","name":"undefined ","anschrift":"Nicht angegeben","geburtsdatum":"2024-09-25T19:39:11.714Z","tel":"Nicht angegeben","geburtsort":"Nicht angegeben","ip":"0.0.0.0","leadId":0,"eingabeschluessel":"Nicht angegeben","email":"no-reply@accounts.google.com","emailReceived":"2024-09-25T19:27:17.000Z","emailSent":"pending","gender":"other"}
2024-09-25T19:39:11.761Z [info]: Lead exists: false
2024-09-25T19:39:11.818Z [info]: Created new lead in database: 66f466df8ab043560ecda8a1
2024-09-25T19:41:54.489Z [info]: Connected to MongoDB
2024-09-25T19:41:54.500Z [info]: Connected to IMAP server
2024-09-25T19:41:54.753Z [info]: Fetched [object AsyncGenerator] unseen messages
2024-09-25T19:41:54.825Z [info]: Processing message with UID: 4
2024-09-25T19:41:54.905Z [info]: Parsed email from: "Google" <no-reply@accounts.google.com>
2024-09-25T19:41:54.905Z [info]: Extracted lead info: {"wunschposition":"Nicht angegeben","name":"undefined ","anschrift":"Nicht angegeben","geburtsdatum":"2024-09-25T19:41:54.905Z","tel":"Nicht angegeben","geburtsort":"Nicht angegeben","ip":"0.0.0.0","leadId":0,"eingabeschluessel":"Nicht angegeben","email":"no-reply@accounts.google.com","emailReceived":"2024-09-25T19:30:14.000Z","emailSent":"pending","gender":"other"}
2024-09-25T19:41:54.954Z [info]: Lead exists: true
2024-09-25T19:41:54.954Z [info]: Lead already exists: no-reply@accounts.google.com (ID: 0)
2024-09-25T19:42:58.837Z [info]: Connected to IMAP server
2024-09-25T19:42:58.955Z [info]: Connected to MongoDB
2024-09-25T19:42:59.203Z [info]: Fetched [object AsyncGenerator] unseen messages
2024-09-25T19:42:59.347Z [info]: Processing message with UID: 4
2024-09-25T19:42:59.426Z [info]: Parsed email from: "Google" <no-reply@accounts.google.com>
2024-09-25T19:42:59.426Z [info]: Extracted lead info: {"wunschposition":"Nicht angegeben","name":"undefined ","anschrift":"Nicht angegeben","geburtsdatum":"2024-09-25T19:42:59.426Z","tel":"Nicht angegeben","geburtsort":"Nicht angegeben","ip":"0.0.0.0","leadId":0,"eingabeschluessel":"Nicht angegeben","email":"no-reply@accounts.google.com","emailReceived":"2024-09-25T19:30:14.000Z","emailSent":"pending","gender":"other"}
2024-09-25T19:42:59.473Z [info]: Lead exists: false
2024-09-25T19:43:43.618Z [info]: Connected to MongoDB
2024-09-25T19:43:43.796Z [info]: Connected to IMAP server
2024-09-25T19:43:44.215Z [info]: Fetched [object AsyncGenerator] unseen messages
2024-09-25T19:43:44.296Z [info]: Processing message with UID: 4
2024-09-25T19:43:44.375Z [info]: Parsed email from: "Google" <no-reply@accounts.google.com>
2024-09-25T19:43:44.377Z [info]: Extracted lead info: {"wunschposition":"Nicht angegeben","name":"undefined ","anschrift":"Nicht angegeben","geburtsdatum":"2024-09-25T19:43:44.376Z","tel":"Nicht angegeben","geburtsort":"Nicht angegeben","ip":"0.0.0.0","leadId":0,"eingabeschluessel":"Nicht angegeben","email":"no-reply@accounts.google.com","emailReceived":"2024-09-25T19:30:14.000Z","emailSent":"pending","gender":"other"}
2024-09-25T19:43:44.424Z [info]: Lead exists: false
2024-09-25T19:44:27.555Z [info]: Connected to IMAP server
2024-09-25T19:44:27.568Z [info]: Connected to MongoDB
2024-09-25T19:44:27.834Z [info]: Fetched [object AsyncGenerator] unseen messages
2024-09-25T19:44:27.931Z [info]: Processing message with UID: 4
2024-09-25T19:44:28.016Z [info]: Parsed email from: "Google" <no-reply@accounts.google.com>
2024-09-25T19:44:28.016Z [info]: Extracted lead info: {"wunschposition":"Nicht angegeben","name":"undefined ","anschrift":"Nicht angegeben","geburtsdatum":"2024-09-25T19:44:28.016Z","tel":"Nicht angegeben","geburtsort":"Nicht angegeben","ip":"0.0.0.0","leadId":0,"eingabeschluessel":"Nicht angegeben","email":"no-reply@accounts.google.com","emailReceived":"2024-09-25T19:30:14.000Z","emailSent":"pending","gender":"other"}
2024-09-25T19:44:28.062Z [info]: Lead exists: false
2024-09-25T19:45:19.234Z [info]: Connected to MongoDB
2024-09-25T19:45:19.241Z [info]: Connected to IMAP server
2024-09-25T19:45:19.521Z [info]: Fetched [object AsyncGenerator] unseen messages
2024-09-25T19:45:19.600Z [info]: Processing message with UID: 4
2024-09-25T19:45:19.679Z [info]: Parsed email from: "Google" <no-reply@accounts.google.com>
2024-09-25T19:45:19.680Z [info]: Extracted lead info: {"wunschposition":"Nicht angegeben","name":"undefined ","anschrift":"Nicht angegeben","geburtsdatum":"2024-09-25T19:45:19.680Z","tel":"Nicht angegeben","geburtsort":"Nicht angegeben","ip":"0.0.0.0","leadId":0,"eingabeschluessel":"Nicht angegeben","email":"no-reply@accounts.google.com","emailReceived":"2024-09-25T19:30:14.000Z","emailSent":"pending","gender":"other"}
2024-09-25T19:45:19.728Z [info]: Lead exists: true
2024-09-25T19:45:48.866Z [info]: Connected to IMAP server
2024-09-25T19:45:48.959Z [info]: Connected to MongoDB
2024-09-25T19:45:49.147Z [info]: Fetched [object AsyncGenerator] unseen messages
2024-09-25T19:45:49.240Z [info]: Processing message with UID: 4
2024-09-25T19:45:49.327Z [info]: Parsed email from: "Google" <no-reply@accounts.google.com>
2024-09-25T19:45:49.327Z [info]: Extracted lead info: {"wunschposition":"Nicht angegeben","name":"undefined ","anschrift":"Nicht angegeben","geburtsdatum":"2024-09-25T19:45:49.327Z","tel":"Nicht angegeben","geburtsort":"Nicht angegeben","ip":"0.0.0.0","leadId":0,"eingabeschluessel":"Nicht angegeben","email":"no-reply@accounts.google.com","emailReceived":"2024-09-25T19:30:14.000Z","emailSent":"pending","gender":"other"}
2024-09-25T19:45:49.378Z [info]: Lead exists: true
2024-09-25T19:46:12.743Z [info]: Connected to MongoDB
2024-09-25T19:46:12.756Z [info]: Connected to IMAP server
2024-09-25T19:46:13.075Z [info]: Fetched [object AsyncGenerator] unseen messages
2024-09-25T19:46:13.180Z [info]: Processing message with UID: 4
2024-09-25T19:46:13.260Z [info]: Parsed email from: "Google" <no-reply@accounts.google.com>
2024-09-25T19:46:13.265Z [info]: Extracted lead info: {"wunschposition":"Nicht angegeben","name":"undefined ","anschrift":"Nicht angegeben","geburtsdatum":"2024-09-25T19:46:13.265Z","tel":"Nicht angegeben","geburtsort":"Nicht angegeben","ip":"0.0.0.0","leadId":0,"eingabeschluessel":"Nicht angegeben","email":"no-reply@accounts.google.com","emailReceived":"2024-09-25T19:30:14.000Z","emailSent":"pending","gender":"other"}
2024-09-25T19:46:13.314Z [info]: Lead exists: true
2024-09-25T19:50:03.623Z [info]: Connected to IMAP server
2024-09-25T19:50:03.810Z [info]: Connected to MongoDB
2024-09-25T19:50:03.921Z [info]: Fetched [object AsyncGenerator] unseen messages
2024-09-25T19:50:04.034Z [info]: Processing message with UID: 4
2024-09-25T19:50:04.113Z [info]: Parsed email from: "Google" <no-reply@accounts.google.com>
2024-09-25T19:50:04.113Z [info]: Extracted lead info: {"wunschposition":"Nicht angegeben","name":"undefined ","anschrift":"Nicht angegeben","geburtsdatum":"2024-09-25T19:50:04.113Z","tel":"Nicht angegeben","geburtsort":"Nicht angegeben","ip":"0.0.0.0","leadId":0,"eingabeschluessel":"Nicht angegeben","email":"no-reply@accounts.google.com","emailReceived":"2024-09-25T19:30:14.000Z","emailSent":"pending","gender":"other"}
2024-09-25T19:50:04.162Z [info]: Lead exists: true
2024-09-25T19:50:50.168Z [info]: Connected to IMAP server
2024-09-25T19:50:50.305Z [info]: Connected to MongoDB
2024-09-25T19:50:50.436Z [info]: Fetched [object AsyncGenerator] unseen messages
2024-09-25T19:50:50.521Z [info]: Processing message with UID: 4
2024-09-25T19:50:50.600Z [info]: Parsed email from: "Google" <no-reply@accounts.google.com>
2024-09-25T19:50:50.601Z [info]: Extracted lead info: {"wunschposition":"Nicht angegeben","name":"undefined ","anschrift":"Nicht angegeben","geburtsdatum":"2024-09-25T19:50:50.601Z","tel":"Nicht angegeben","geburtsort":"Nicht angegeben","ip":"0.0.0.0","leadId":0,"eingabeschluessel":"Nicht angegeben","email":"no-reply@accounts.google.com","emailReceived":"2024-09-25T19:30:14.000Z","emailSent":"pending","gender":"other"}
2024-09-25T19:50:50.650Z [info]: Lead exists: true
2024-09-25T19:51:17.534Z [info]: Connected to MongoDB
2024-09-25T19:51:17.578Z [info]: Connected to IMAP server
2024-09-25T19:51:17.848Z [info]: Fetched [object AsyncGenerator] unseen messages
2024-09-25T19:51:17.925Z [info]: Processing message with UID: 4
2024-09-25T19:51:18.005Z [info]: Parsed email from: "Google" <no-reply@accounts.google.com>
2024-09-25T19:51:18.006Z [info]: Extracted lead info: {"wunschposition":"Nicht angegeben","name":"undefined ","anschrift":"Nicht angegeben","geburtsdatum":"2024-09-25T19:51:18.006Z","tel":"Nicht angegeben","geburtsort":"Nicht angegeben","ip":"0.0.0.0","leadId":0,"eingabeschluessel":"Nicht angegeben","email":"no-reply@accounts.google.com","emailReceived":"2024-09-25T19:30:14.000Z","emailSent":"pending","gender":"other"}
2024-09-25T19:51:18.055Z [info]: Lead exists: true
2024-09-25T19:52:15.833Z [info]: Connected to IMAP server
2024-09-25T19:52:15.967Z [info]: Connected to MongoDB
2024-09-25T19:52:16.094Z [info]: Fetched [object AsyncGenerator] unseen messages
2024-09-25T19:52:16.170Z [info]: Processing message with UID: 4
2024-09-25T19:52:16.249Z [info]: Parsed email from: "Google" <no-reply@accounts.google.com>
2024-09-25T19:52:16.251Z [info]: Extracted lead info: {"wunschposition":"Nicht angegeben","name":"undefined ","anschrift":"Nicht angegeben","geburtsdatum":"2024-09-25T19:52:16.250Z","tel":"Nicht angegeben","geburtsort":"Nicht angegeben","ip":"0.0.0.0","leadId":0,"eingabeschluessel":"Nicht angegeben","email":"no-reply@accounts.google.com","emailReceived":"2024-09-25T19:30:14.000Z","emailSent":"pending","gender":"other"}
2024-09-25T19:52:16.299Z [info]: Lead exists: true
2024-09-25T19:57:17.738Z [info]: Connected to MongoDB
2024-09-25T19:57:17.970Z [info]: Connected to IMAP server
2024-09-25T19:57:18.974Z [info]: Fetched [object AsyncGenerator] unseen messages
2024-09-25T19:57:36.807Z [info]: Connected to MongoDB
2024-09-25T19:57:36.868Z [info]: Connected to IMAP server
2024-09-25T19:57:37.244Z [info]: Fetched [object AsyncGenerator] unseen messages
2024-09-25T19:58:03.364Z [info]: Connected to MongoDB
2024-09-25T19:58:03.471Z [info]: Connected to IMAP server
2024-09-25T19:58:04.073Z [info]: Fetched [object AsyncGenerator] unseen messages
2024-09-25T19:58:55.799Z [info]: Connected to IMAP server
2024-09-25T19:58:55.806Z [info]: Connected to MongoDB
2024-09-25T19:58:56.135Z [info]: Fetched [object AsyncGenerator] unseen messages
2024-09-25T19:59:29.864Z [info]: Connected to MongoDB
2024-09-25T19:59:29.923Z [info]: Connected to IMAP server
2024-09-25T19:59:30.254Z [info]: Fetched [object AsyncGenerator] unseen messages
2024-09-25T20:02:39.661Z [info]: Connected to MongoDB
2024-09-25T20:02:39.723Z [info]: Connected to IMAP server
2024-09-25T20:03:02.647Z [info]: Connected to MongoDB
2024-09-25T20:03:02.852Z [info]: Connected to IMAP server
2024-09-25T20:04:45.272Z [info]: Connected to IMAP server
2024-09-25T20:04:45.391Z [info]: Connected to MongoDB
2024-09-25T20:06:29.027Z [info]: Connected to IMAP server
2024-09-25T20:06:29.044Z [info]: Connected to MongoDB
2024-09-25T20:07:08.855Z [info]: Connected to MongoDB
2024-09-25T20:07:08.929Z [info]: Connected to IMAP server
2024-09-25T20:07:40.233Z [info]: Connected to MongoDB
2024-09-25T20:07:40.278Z [info]: Connected to IMAP server
2024-09-25T20:09:21.989Z [info]: Connected to IMAP server
2024-09-25T20:09:22.016Z [info]: Connected to MongoDB
2024-09-25T20:09:48.241Z [info]: Connected to MongoDB
2024-09-25T20:09:48.272Z [info]: Connected to IMAP server
2024-09-25T20:10:21.401Z [info]: Connected to MongoDB
2024-09-25T20:10:21.465Z [info]: Connected to IMAP server
2024-09-25T20:10:21.790Z [info]: Processing message with UID: 6
2024-09-25T20:10:56.590Z [info]: Connected to MongoDB
2024-09-25T20:10:56.671Z [info]: Connected to IMAP server
2024-09-25T20:10:57.045Z [info]: Processing message with UID: 6
2024-09-25T20:11:35.832Z [info]: Connected to MongoDB
2024-09-25T20:11:35.894Z [info]: Connected to IMAP server
2024-09-25T20:11:36.287Z [info]: Processing message with UID: 6
2024-09-25T20:11:50.493Z [info]: Connected to MongoDB
2024-09-25T20:11:50.513Z [info]: Connected to IMAP server
2024-09-25T20:11:50.870Z [info]: Processing message with UID: 6
2024-09-25T20:16:09.211Z [info]: Connected to MongoDB
2024-09-25T20:16:09.292Z [info]: Connected to IMAP server
2024-09-25T20:16:09.665Z [info]: Processing message with UID: 6
2024-09-25T20:17:58.626Z [info]: Connected to MongoDB
2024-09-25T20:17:58.634Z [info]: Connected to IMAP server
2024-09-25T20:17:58.966Z [info]: Processing message with UID: 6
2024-09-25T20:19:38.009Z [info]: Connected to IMAP server
2024-09-25T20:19:38.034Z [info]: Connected to MongoDB
2024-09-25T20:19:38.385Z [info]: Processing message with UID: 6
2024-09-25T20:19:50.724Z [info]: Connected to IMAP server
2024-09-25T20:19:50.883Z [info]: Connected to MongoDB
2024-09-25T20:19:51.050Z [info]: Processing message with UID: 6
2024-09-25T20:20:14.166Z [info]: Connected to IMAP server
2024-09-25T20:20:14.257Z [info]: Connected to MongoDB
2024-09-25T20:20:14.539Z [info]: Processing message with UID: 6
2024-09-25T20:20:28.289Z [info]: Connected to IMAP server
2024-09-25T20:20:28.420Z [info]: Connected to MongoDB
2024-09-25T20:20:44.856Z [info]: Connected to IMAP server
2024-09-25T20:20:44.929Z [info]: Connected to MongoDB
2024-09-25T20:21:19.159Z [info]: Connected to IMAP server
2024-09-25T20:21:19.228Z [info]: Connected to MongoDB
2024-09-25T20:21:35.401Z [info]: Connected to MongoDB
2024-09-25T20:21:35.484Z [info]: Connected to IMAP server
2024-09-25T20:23:08.488Z [info]: Connected to MongoDB
2024-09-25T20:23:08.559Z [info]: Connected to IMAP server
2024-09-25T20:23:50.609Z [info]: Connected to MongoDB
2024-09-25T20:23:50.621Z [info]: Connected to IMAP server
2024-09-25T20:25:05.674Z [info]: Connected to IMAP server
2024-09-25T20:25:05.866Z [info]: Connected to MongoDB
2024-09-25T20:25:40.106Z [info]: Connected to MongoDB
2024-09-25T20:25:40.171Z [info]: Connected to IMAP server
2024-09-25T20:25:40.508Z [info]: Processing message with UID: 6
2024-09-25T20:25:40.562Z [info]: Parsed email from: "Anton Merkotun" <antonmerkotun@gmail.com>
2024-09-25T20:25:40.565Z [info]: Extracted lead info: {"wunschposition":"Vollzeit","name":"Lukas Alexander Hoffmann","anschrift":"Bahnhofstraße 12, Waldkraiburg, 84577","geburtsdatum":"2024-09-25T20:25:40.565Z","tel":"01526374825","geburtsort":"Berlin","ip":"8.8.8.8","leadId":0,"eingabeschluessel":"jowwa","email":"antonmerkotun@gmail.com","emailReceived":"2024-09-25T20:09:01.000Z","emailSent":"pending","gender":"other"}
2024-09-25T20:25:40.611Z [info]: Lead exists: false
2024-09-25T20:37:50.631Z [info]: Connected to IMAP server
2024-09-25T20:37:50.668Z [info]: Connected to MongoDB
2024-09-25T20:37:51.058Z [info]: Processing message with UID: 6
2024-09-25T20:37:51.114Z [info]: Parsed email from: "Anton Merkotun" <antonmerkotun@gmail.com>
2024-09-25T20:37:51.116Z [info]: Extracted lead info: {"wunschposition":"Vollzeit","name":"Lukas Alexander Hoffmann","anschrift":"Bahnhofstraße 12, Waldkraiburg, 84577","geburtsdatum":"2024-09-25T20:37:51.116Z","tel":"01526374825","geburtsort":"Berlin","ip":"8.8.8.8","leadId":0,"eingabeschluessel":"jowwa","email":"antonmerkotun@gmail.com","emailReceived":"2024-09-25T20:09:01.000Z","emailSent":"pending","gender":"other"}
2024-09-25T20:37:51.166Z [info]: Lead exists: true
2024-09-25T20:37:51.223Z [info]: Moved email to Duplicate folder
2024-09-25T20:38:03.269Z [info]: Connected to MongoDB
2024-09-25T20:38:03.410Z [info]: Connected to IMAP server
2024-09-25T20:38:03.927Z [info]: Processing message with UID: 6
2024-09-25T20:38:03.981Z [info]: Parsed email from: "Anton Merkotun" <antonmerkotun@gmail.com>
2024-09-25T20:38:03.983Z [info]: Extracted lead info: {"wunschposition":"Vollzeit","name":"Lukas Alexander Hoffmann","anschrift":"Bahnhofstraße 12, Waldkraiburg, 84577","geburtsdatum":"2024-09-25T20:38:03.983Z","tel":"01526374825","geburtsort":"Berlin","ip":"8.8.8.8","leadId":0,"eingabeschluessel":"jowwa","email":"antonmerkotun@gmail.com","emailReceived":"2024-09-25T20:09:01.000Z","emailSent":"pending","gender":"other"}
2024-09-25T20:38:04.031Z [info]: Lead exists: true
2024-09-25T20:38:04.095Z [info]: Moved email to Duplicate folder
2024-09-25T20:38:53.739Z [info]: Connected to MongoDB
2024-09-25T20:38:54.070Z [info]: Connected to IMAP server
2024-09-25T20:38:54.423Z [info]: Processing message with UID: 6
2024-09-25T20:38:54.478Z [info]: Parsed email from: "Anton Merkotun" <antonmerkotun@gmail.com>
2024-09-25T20:38:54.481Z [info]: Extracted lead info: {"wunschposition":"Vollzeit","name":"Lukas Alexander Hoffmann","anschrift":"Bahnhofstraße 12, Waldkraiburg, 84577","geburtsdatum":"2024-09-25T20:38:54.480Z","tel":"01526374825","geburtsort":"Berlin","ip":"8.8.8.8","leadId":0,"eingabeschluessel":"jowwa","email":"antonmerkotun@gmail.com","emailReceived":"2024-09-25T20:09:01.000Z","emailSent":"pending","gender":"other"}
2024-09-25T20:38:54.529Z [info]: Lead exists: true
2024-09-25T20:42:49.017Z [info]: Connected to IMAP server
2024-09-25T20:42:49.090Z [info]: Connected to MongoDB
2024-09-25T20:42:49.405Z [info]: Fetched [object AsyncGenerator] unseen messages
2024-09-25T20:42:49.480Z [info]: Processing message with UID: 6
2024-09-25T20:42:49.509Z [info]: Parsed email from: "Anton Merkotun" <antonmerkotun@gmail.com>
2024-09-25T20:42:49.510Z [info]: Extracted lead info: {"wunschposition":"Vollzeit","name":"Lukas Alexander Hoffmann","anschrift":"Bahnhofstraße 12, Waldkraiburg, 84577","geburtsdatum":"2024-09-25T20:42:49.510Z","tel":"01526374825","geburtsort":"Berlin","ip":"8.8.8.8","leadId":0,"eingabeschluessel":"jowwa","email":"antonmerkotun@gmail.com","emailReceived":"2024-09-25T20:09:01.000Z","emailSent":"pending","gender":"other"}
2024-09-25T20:42:49.556Z [info]: Lead exists: false
2024-09-25T20:42:49.611Z [info]: Created new lead in database: 66f475c97418480dca257f23
2024-09-25T20:49:27.842Z [info]: Connected to MongoDB
2024-09-25T20:49:27.911Z [info]: Connected to IMAP server
2024-09-25T20:49:28.202Z [info]: Fetched [object AsyncGenerator] unseen messages
2024-09-25T20:49:28.288Z [info]: Processing message with UID: 6
2024-09-25T20:49:28.343Z [info]: Parsed email from: "Anton Merkotun" <antonmerkotun@gmail.com>
2024-09-25T20:49:28.343Z [info]: Extracted lead info: {"wunschposition":"Vollzeit","name":"Lukas Alexander Hoffmann","anschrift":"Bahnhofstraße 12, Waldkraiburg, 84577","geburtsdatum":"2024-09-25T20:49:28.343Z","tel":"01526374825","geburtsort":"Berlin","ip":"8.8.8.8","leadId":0,"eingabeschluessel":"jowwa","email":"antonmerkotun@gmail.com","emailReceived":"2024-09-25T20:09:01.000Z","emailSent":"pending","gender":"other"}
2024-09-25T20:49:28.391Z [info]: Lead exists: false
2024-09-25T20:49:28.448Z [info]: Created new lead in database: 66f477588bc9faaeac320e9c
2024-09-25T20:51:02.148Z [info]: Connected to IMAP server
2024-09-25T20:51:02.206Z [info]: Connected to MongoDB
2024-09-25T20:51:02.422Z [info]: Fetched [object AsyncGenerator] unseen messages
2024-09-25T20:51:02.497Z [info]: Processing message with UID: 6
2024-09-25T20:51:02.548Z [info]: Parsed email from: "Anton Merkotun" <antonmerkotun@gmail.com>
2024-09-25T20:51:02.548Z [info]: Extracted lead info: {"wunschposition":"Vollzeit","name":"Lukas Alexander Hoffmann","anschrift":"Bahnhofstraße 12, Waldkraiburg, 84577","geburtsdatum":"2024-09-25T20:51:02.548Z","tel":"01526374825","geburtsort":"Berlin","ip":"8.8.8.8","leadId":0,"eingabeschluessel":"jowwa","email":"antonmerkotun@gmail.com","emailReceived":"2024-09-25T20:09:01.000Z","emailSent":"pending","gender":"other"}
2024-09-25T20:51:02.599Z [info]: Lead exists: true
2024-09-25T20:51:02.599Z [info]: Lead already exists: antonmerkotun@gmail.com (ID: 0)
2024-09-25T20:51:56.978Z [info]: Connected to MongoDB
2024-09-25T20:51:57.026Z [info]: Connected to IMAP server
2024-09-25T20:51:57.294Z [info]: Fetched [object AsyncGenerator] unseen messages
2024-09-25T20:51:57.386Z [info]: Processing message with UID: 6
2024-09-25T20:51:57.439Z [info]: Parsed email from: "Anton Merkotun" <antonmerkotun@gmail.com>
2024-09-25T20:51:57.439Z [info]: Extracted lead info: {"wunschposition":"Vollzeit","name":"Lukas Alexander Hoffmann","anschrift":"Bahnhofstraße 12, Waldkraiburg, 84577","geburtsdatum":"2024-09-25T20:51:57.439Z","tel":"01526374825","geburtsort":"Berlin","ip":"8.8.8.8","leadId":0,"eingabeschluessel":"jowwa","email":"antonmerkotun@gmail.com","emailReceived":"2024-09-25T20:09:01.000Z","emailSent":"pending","gender":"other"}
2024-09-25T20:51:57.487Z [info]: Lead exists: true
2024-09-25T20:51:57.487Z [info]: Lead already exists: antonmerkotun@gmail.com (ID: 0)
2024-09-25T20:52:20.369Z [info]: Connected to MongoDB
2024-09-25T20:52:21.345Z [info]: Connected to IMAP server
2024-09-25T20:52:21.653Z [info]: Fetched [object AsyncGenerator] unseen messages
2024-09-25T20:52:21.734Z [info]: Processing message with UID: 6
2024-09-25T20:52:21.787Z [info]: Parsed email from: "Anton Merkotun" <antonmerkotun@gmail.com>
2024-09-25T20:52:21.787Z [info]: Extracted lead info: {"wunschposition":"Vollzeit","name":"Lukas Alexander Hoffmann","anschrift":"Bahnhofstraße 12, Waldkraiburg, 84577","geburtsdatum":"2024-09-25T20:52:21.787Z","tel":"01526374825","geburtsort":"Berlin","ip":"8.8.8.8","leadId":0,"eingabeschluessel":"jowwa","email":"antonmerkotun@gmail.com","emailReceived":"2024-09-25T20:09:01.000Z","emailSent":"pending","gender":"other"}
2024-09-25T20:52:21.836Z [info]: Lead exists: true
2024-09-25T20:52:21.837Z [info]: Lead already exists: antonmerkotun@gmail.com (ID: 0)
2024-09-25T20:52:57.207Z [info]: Connected to MongoDB
2024-09-25T20:52:57.309Z [info]: Connected to IMAP server
2024-09-25T20:52:57.610Z [info]: Fetched [object AsyncGenerator] unseen messages
2024-09-25T20:52:57.711Z [info]: Processing message with UID: 6
2024-09-25T20:52:57.765Z [info]: Parsed email from: "Anton Merkotun" <antonmerkotun@gmail.com>
2024-09-25T20:52:57.765Z [info]: Extracted lead info: {"wunschposition":"Vollzeit","name":"Lukas Alexander Hoffmann","anschrift":"Bahnhofstraße 12, Waldkraiburg, 84577","geburtsdatum":"2024-09-25T20:52:57.765Z","tel":"01526374825","geburtsort":"Berlin","ip":"8.8.8.8","leadId":0,"eingabeschluessel":"jowwa","email":"antonmerkotun@gmail.com","emailReceived":"2024-09-25T20:09:01.000Z","emailSent":"pending","gender":"other"}
2024-09-25T20:52:57.814Z [info]: Lead exists: true
2024-09-25T20:52:57.814Z [info]: Lead already exists: antonmerkotun@gmail.com (ID: 0)
2024-09-25T20:55:02.771Z [info]: Connected to MongoDB
2024-09-25T20:55:02.783Z [info]: Connected to IMAP server
2024-09-25T20:55:03.106Z [info]: Fetched [object AsyncGenerator] unseen messages
2024-09-25T20:55:03.185Z [info]: Processing message with UID: 6
2024-09-25T20:55:03.238Z [info]: Parsed email from: "Anton Merkotun" <antonmerkotun@gmail.com>
2024-09-25T20:55:03.239Z [info]: Extracted lead info: {"wunschposition":"Vollzeit","name":"Lukas Alexander Hoffmann","anschrift":"Bahnhofstraße 12, Waldkraiburg, 84577","geburtsdatum":"2024-09-25T20:55:03.239Z","tel":"01526374825","geburtsort":"Berlin","ip":"8.8.8.8","leadId":0,"eingabeschluessel":"jowwa","email":"antonmerkotun@gmail.com","emailReceived":"2024-09-25T20:09:01.000Z","emailSent":"pending","gender":"other"}
2024-09-25T20:55:03.288Z [info]: Lead exists: true
2024-09-25T20:55:03.288Z [info]: Lead already exists: antonmerkotun@gmail.com (ID: 0)
2024-09-25T21:00:03.201Z [error]: Parsing error for email 6: Connection not available
2024-09-25T21:17:55.993Z [info]: Connected to MongoDB
2024-09-25T21:17:56.942Z [info]: Connected to IMAP server
2024-09-25T21:17:58.033Z [info]: Fetched [object AsyncGenerator] unseen messages
2024-09-25T21:17:58.187Z [info]: Processing message with UID: 6
2024-09-25T21:17:58.240Z [info]: Parsed email from: "Anton Merkotun" <antonmerkotun@gmail.com>
2024-09-25T21:17:58.241Z [info]: Extracted lead info: {"wunschposition":"Vollzeit","name":"Lukas Alexander Hoffmann","anschrift":"Bahnhofstraße 12, Waldkraiburg, 84577","geburtsdatum":"2024-09-25T21:17:58.241Z","tel":"01526374825","geburtsort":"Berlin","ip":"8.8.8.8","leadId":0,"eingabeschluessel":"jowwa","email":"antonmerkotun@gmail.com","emailReceived":"2024-09-25T20:09:01.000Z","emailSent":"pending","gender":"other"}
2024-09-25T21:17:58.291Z [info]: Lead exists: true
2024-09-25T21:17:58.291Z [info]: Lead already exists: antonmerkotun@gmail.com (ID: 0)
2024-09-25T21:20:25.467Z [info]: Connected to MongoDB
2024-09-25T21:20:25.534Z [info]: Connected to IMAP server
2024-09-25T21:20:25.906Z [info]: Fetched [object AsyncGenerator] unseen messages
2024-09-25T21:20:25.982Z [info]: Processing message with UID: 6
2024-09-25T21:20:26.035Z [info]: Parsed email from: "Anton Merkotun" <antonmerkotun@gmail.com>
2024-09-25T21:20:26.035Z [info]: Extracted lead info: {"wunschposition":"Vollzeit","name":"Lukas Alexander Hoffmann","anschrift":"Bahnhofstraße 12, Waldkraiburg, 84577","geburtsdatum":"2024-09-25T21:20:26.035Z","tel":"01526374825","geburtsort":"Berlin","ip":"8.8.8.8","leadId":0,"eingabeschluessel":"jowwa","email":"antonmerkotun@gmail.com","emailReceived":"2024-09-25T20:09:01.000Z","emailSent":"pending","gender":"other"}
2024-09-25T21:20:26.084Z [info]: Lead exists: true
2024-09-25T21:20:26.085Z [info]: Lead already exists: antonmerkotun@gmail.com (ID: 0)
2024-09-25T21:21:01.756Z [info]: Connected to MongoDB
2024-09-25T21:21:01.771Z [info]: Connected to IMAP server
2024-09-25T21:21:02.073Z [info]: Fetched [object AsyncGenerator] unseen messages
2024-09-25T21:21:02.145Z [info]: Processing message with UID: 6
2024-09-25T21:21:02.198Z [info]: Parsed email from: "Anton Merkotun" <antonmerkotun@gmail.com>
2024-09-25T21:21:02.198Z [info]: Extracted lead info: {"wunschposition":"Vollzeit","name":"Lukas Alexander Hoffmann","anschrift":"Bahnhofstraße 12, Waldkraiburg, 84577","geburtsdatum":"2024-09-25T21:21:02.198Z","tel":"01526374825","geburtsort":"Berlin","ip":"8.8.8.8","leadId":0,"eingabeschluessel":"jowwa","email":"antonmerkotun@gmail.com","emailReceived":"2024-09-25T20:09:01.000Z","emailSent":"pending","gender":"other"}
2024-09-25T21:21:02.247Z [info]: Lead exists: true
2024-09-25T21:21:02.247Z [info]: Lead already exists: antonmerkotun@gmail.com (ID: 0)
2024-09-25T21:22:33.165Z [info]: Connected to IMAP server
2024-09-25T21:22:33.203Z [info]: Connected to MongoDB
2024-09-25T21:22:33.433Z [info]: Fetched [object AsyncGenerator] unseen messages
2024-09-25T21:22:33.500Z [info]: Processing message with UID: 6
2024-09-25T21:22:33.550Z [info]: Parsed email from: "Anton Merkotun" <antonmerkotun@gmail.com>
2024-09-25T21:22:33.551Z [info]: Extracted lead info: {"wunschposition":"Vollzeit","name":"Lukas Alexander Hoffmann","anschrift":"Bahnhofstraße 12, Waldkraiburg, 84577","geburtsdatum":"2024-09-25T21:22:33.551Z","tel":"01526374825","geburtsort":"Berlin","ip":"8.8.8.8","leadId":0,"eingabeschluessel":"jowwa","email":"antonmerkotun@gmail.com","emailReceived":"2024-09-25T20:09:01.000Z","emailSent":"pending","gender":"other"}
2024-09-25T21:22:33.600Z [info]: Lead exists: false
2024-09-25T21:22:33.658Z [info]: Created new lead in database: 66f47f1916ccea7970096b96
2024-09-25T21:23:04.261Z [info]: Connected to MongoDB
2024-09-25T21:23:04.435Z [info]: Connected to IMAP server
2024-09-25T21:23:04.761Z [info]: Fetched [object AsyncGenerator] unseen messages
2024-09-25T21:23:04.850Z [info]: Processing message with UID: 6
2024-09-25T21:23:04.906Z [info]: Parsed email from: "Anton Merkotun" <antonmerkotun@gmail.com>
2024-09-25T21:23:04.906Z [info]: Extracted lead info: {"wunschposition":"Vollzeit","name":"Lukas Alexander Hoffmann","anschrift":"Bahnhofstraße 12, Waldkraiburg, 84577","geburtsdatum":"2024-09-25T21:23:04.906Z","tel":"01526374825","geburtsort":"Berlin","ip":"8.8.8.8","leadId":0,"eingabeschluessel":"jowwa","email":"antonmerkotun@gmail.com","emailReceived":"2024-09-25T20:09:01.000Z","emailSent":"pending","gender":"other"}
2024-09-25T21:23:04.956Z [info]: Lead exists: true
2024-09-25T21:23:04.956Z [info]: Lead already exists: antonmerkotun@gmail.com (ID: 0)
2024-09-25T21:24:44.586Z [info]: Connected to IMAP server
2024-09-25T21:24:44.678Z [info]: Connected to MongoDB
2024-09-25T21:24:44.850Z [info]: Fetched [object AsyncGenerator] unseen messages
2024-09-25T21:24:44.934Z [info]: Processing message with UID: 6
2024-09-25T21:24:44.987Z [info]: Parsed email from: "Anton Merkotun" <antonmerkotun@gmail.com>
2024-09-25T21:24:44.987Z [info]: Extracted lead info: {"wunschposition":"Vollzeit","name":"Lukas Alexander Hoffmann","anschrift":"Bahnhofstraße 12, Waldkraiburg, 84577","geburtsdatum":"2024-09-25T21:24:44.987Z","tel":"01526374825","geburtsort":"Berlin","ip":"8.8.8.8","leadId":0,"eingabeschluessel":"jowwa","email":"antonmerkotun@gmail.com","emailReceived":"2024-09-25T20:09:01.000Z","emailSent":"pending","gender":"other"}
2024-09-25T21:24:45.035Z [info]: Lead exists: false
2024-09-25T21:24:45.092Z [info]: Created new lead in database: 66f47f9dd4e427f82c9b5dc2
2024-09-25T21:25:21.999Z [info]: Connected to MongoDB
2024-09-25T21:25:22.040Z [info]: Connected to IMAP server
2024-09-25T21:25:22.309Z [info]: Fetched [object AsyncGenerator] unseen messages
2024-09-25T21:25:22.389Z [info]: Processing message with UID: 6
2024-09-25T21:25:22.443Z [info]: Parsed email from: "Anton Merkotun" <antonmerkotun@gmail.com>
2024-09-25T21:25:22.443Z [info]: Extracted lead info: {"wunschposition":"Vollzeit","name":"Lukas Alexander Hoffmann","anschrift":"Bahnhofstraße 12, Waldkraiburg, 84577","geburtsdatum":"2024-09-25T21:25:22.443Z","tel":"01526374825","geburtsort":"Berlin","ip":"8.8.8.8","leadId":0,"eingabeschluessel":"jowwa","email":"antonmerkotun@gmail.com","emailReceived":"2024-09-25T20:09:01.000Z","emailSent":"pending","gender":"other"}
2024-09-25T21:25:22.492Z [info]: Lead exists: true
2024-09-25T21:25:22.493Z [info]: Lead already exists: antonmerkotun@gmail.com (ID: 0)
2024-09-25T21:26:09.754Z [info]: Connected to IMAP server
2024-09-25T21:26:09.791Z [info]: Connected to MongoDB
2024-09-25T21:26:10.056Z [info]: Fetched [object AsyncGenerator] unseen messages
2024-09-25T21:26:10.133Z [info]: Processing message with UID: 6
2024-09-25T21:26:10.175Z [info]: Parsed email from: "Anton Merkotun" <antonmerkotun@gmail.com>
2024-09-25T21:26:10.175Z [info]: Extracted lead info: {"wunschposition":"Vollzeit","name":"Lukas Alexander Hoffmann","anschrift":"Bahnhofstraße 12, Waldkraiburg, 84577","geburtsdatum":"2024-09-25T21:26:10.175Z","tel":"01526374825","geburtsort":"Berlin","ip":"8.8.8.8","leadId":0,"eingabeschluessel":"jowwa","email":"antonmerkotun@gmail.com","emailReceived":"2024-09-25T20:09:01.000Z","emailSent":"pending","gender":"other"}
2024-09-25T21:26:10.228Z [info]: Lead exists: true
2024-09-25T21:26:10.229Z [info]: Lead already exists: antonmerkotun@gmail.com (ID: 0)
2024-09-25T21:26:31.280Z [info]: Connected to MongoDB
2024-09-25T21:26:31.371Z [info]: Connected to IMAP server
2024-09-25T21:26:31.641Z [info]: Fetched [object AsyncGenerator] unseen messages
2024-09-25T21:26:31.725Z [info]: Processing message with UID: 6
2024-09-25T21:26:31.778Z [info]: Parsed email from: "Anton Merkotun" <antonmerkotun@gmail.com>
2024-09-25T21:26:31.779Z [info]: Extracted lead info: {"wunschposition":"Vollzeit","name":"Lukas Alexander Hoffmann","anschrift":"Bahnhofstraße 12, Waldkraiburg, 84577","geburtsdatum":"2024-09-25T21:26:31.779Z","tel":"01526374825","geburtsort":"Berlin","ip":"8.8.8.8","leadId":0,"eingabeschluessel":"jowwa","email":"antonmerkotun@gmail.com","emailReceived":"2024-09-25T20:09:01.000Z","emailSent":"pending","gender":"other"}
2024-09-25T21:26:31.827Z [info]: Lead exists: true
2024-09-25T21:26:31.827Z [info]: Lead already exists: antonmerkotun@gmail.com (ID: 0)
2024-09-25T21:27:09.897Z [info]: Connected to MongoDB
2024-09-25T21:27:09.966Z [info]: Connected to IMAP server
2024-09-25T21:27:10.252Z [info]: Fetched [object AsyncGenerator] unseen messages
2024-09-25T21:27:10.339Z [info]: Processing message with UID: 6
2024-09-25T21:27:10.392Z [info]: Parsed email from: "Anton Merkotun" <antonmerkotun@gmail.com>
2024-09-25T21:27:10.392Z [info]: Extracted lead info: {"wunschposition":"Vollzeit","name":"Lukas Alexander Hoffmann","anschrift":"Bahnhofstraße 12, Waldkraiburg, 84577","geburtsdatum":"2024-09-25T21:27:10.392Z","tel":"01526374825","geburtsort":"Berlin","ip":"8.8.8.8","leadId":0,"eingabeschluessel":"jowwa","email":"antonmerkotun@gmail.com","emailReceived":"2024-09-25T20:09:01.000Z","emailSent":"pending","gender":"other"}
2024-09-25T21:27:10.440Z [info]: Lead exists: true
2024-09-25T21:27:10.440Z [info]: Lead already exists: antonmerkotun@gmail.com (ID: 0)
2024-09-25T21:29:17.585Z [info]: Connected to IMAP server
2024-09-25T21:29:17.751Z [info]: Connected to MongoDB
2024-09-25T21:29:17.951Z [info]: Fetched [object Object],[object Object] unseen messages
2024-09-25T21:29:17.951Z [info]: Processing message with UID: 6
2024-09-25T21:29:18.002Z [info]: Parsed email from: "Anton Merkotun" <antonmerkotun@gmail.com>
2024-09-25T21:29:18.002Z [info]: Extracted lead info: {"wunschposition":"Vollzeit","name":"Lukas Alexander Hoffmann","anschrift":"Bahnhofstraße 12, Waldkraiburg, 84577","geburtsdatum":"2024-09-25T21:29:18.002Z","tel":"01526374825","geburtsort":"Berlin","ip":"8.8.8.8","leadId":0,"eingabeschluessel":"jowwa","email":"antonmerkotun@gmail.com","emailReceived":"2024-09-25T20:09:01.000Z","emailSent":"pending","gender":"other"}
2024-09-25T21:29:18.051Z [info]: Lead exists: true
2024-09-25T21:29:18.051Z [info]: Lead already exists: antonmerkotun@gmail.com (ID: 0)
2024-09-25T21:29:18.304Z [info]: Moved email to Duplicate folder
2024-09-25T21:29:18.304Z [info]: Processing message with UID: 7
2024-09-25T21:29:18.336Z [info]: Parsed email from: "Anton Merkotun" <antonmerkotun@gmail.com>
2024-09-25T21:29:18.336Z [info]: Extracted lead info: {"wunschposition":"test","name":"Lukas Alexander Hoffmann","anschrift":"Bahnhofstraße 12, Waldkraiburg, 84577","geburtsdatum":"2024-09-25T21:29:18.336Z","tel":"01526374825","geburtsort":"test","ip":"8.8.8.8","leadId":0,"eingabeschluessel":"jowwa","email":"antonmerkotun@gmail.com","emailReceived":"2024-09-25T21:24:19.000Z","emailSent":"pending","gender":"other"}
2024-09-25T21:29:18.381Z [info]: Lead exists: true
2024-09-25T21:29:18.382Z [info]: Lead already exists: antonmerkotun@gmail.com (ID: 0)
2024-09-25T21:29:18.439Z [info]: Moved email to Duplicate folder
2024-09-25T21:29:18.499Z [info]: Logged out from IMAP server
2024-09-25T21:30:14.875Z [info]: Connected to MongoDB
2024-09-25T21:30:14.928Z [info]: Connected to IMAP server
2024-09-25T21:30:15.287Z [info]: Fetched [object Object],[object Object] unseen messages
2024-09-25T21:30:15.288Z [info]: Processing message with UID: 6
2024-09-25T21:30:15.345Z [info]: Parsed email from: "Anton Merkotun" <antonmerkotun@gmail.com>
2024-09-25T21:30:15.346Z [info]: Extracted lead info: {"wunschposition":"Vollzeit","name":"Lukas Alexander Hoffmann","anschrift":"Bahnhofstraße 12, Waldkraiburg, 84577","geburtsdatum":"2024-09-25T21:30:15.346Z","tel":"01526374825","geburtsort":"Berlin","ip":"8.8.8.8","leadId":0,"eingabeschluessel":"jowwa","email":"antonmerkotun@gmail.com","emailReceived":"2024-09-25T20:09:01.000Z","emailSent":"pending","gender":"other"}
2024-09-25T21:30:15.393Z [info]: Lead exists: false
2024-09-25T21:30:15.451Z [info]: Created new lead in database: 66f480e70d95198b073d26b1
2024-09-25T21:30:15.504Z [info]: Moved email to Processed folder
2024-09-25T21:30:15.505Z [info]: Processing message with UID: 7
2024-09-25T21:30:15.535Z [info]: Parsed email from: "Anton Merkotun" <antonmerkotun@gmail.com>
2024-09-25T21:30:15.536Z [info]: Extracted lead info: {"wunschposition":"test","name":"Lukas Alexander Hoffmann","anschrift":"Bahnhofstraße 12, Waldkraiburg, 84577","geburtsdatum":"2024-09-25T21:30:15.536Z","tel":"01526374825","geburtsort":"test","ip":"8.8.8.8","leadId":0,"eingabeschluessel":"jowwa","email":"antonmerkotun@gmail.com","emailReceived":"2024-09-25T21:24:19.000Z","emailSent":"pending","gender":"other"}
2024-09-25T21:30:15.581Z [info]: Lead exists: true
2024-09-25T21:30:15.581Z [info]: Lead already exists: antonmerkotun@gmail.com (ID: 0)
2024-09-25T21:30:15.632Z [info]: Moved email to Duplicate folder
2024-09-25T21:30:15.686Z [info]: Logged out from IMAP server
2024-09-25T21:30:39.848Z [info]: Connected to IMAP server
2024-09-25T21:30:39.963Z [info]: Connected to MongoDB
2024-09-25T21:30:40.254Z [info]: Fetched [object Object],[object Object] unseen messages
2024-09-25T21:30:40.258Z [info]: Processing message with UID: 6
2024-09-25T21:30:40.308Z [info]: Parsed email from: "Anton Merkotun" <antonmerkotun@gmail.com>
2024-09-25T21:30:40.308Z [info]: Extracted lead info: {"wunschposition":"Vollzeit","name":"Lukas Alexander Hoffmann","anschrift":"Bahnhofstraße 12, Waldkraiburg, 84577","geburtsdatum":"2024-09-25T21:30:40.308Z","tel":"01526374825","geburtsort":"Berlin","ip":"8.8.8.8","leadId":0,"eingabeschluessel":"jowwa","email":"antonmerkotun@gmail.com","emailReceived":"2024-09-25T20:09:01.000Z","emailSent":"pending","gender":"other"}
2024-09-25T21:30:40.356Z [info]: Lead exists: true
2024-09-25T21:30:40.356Z [info]: Lead already exists: antonmerkotun@gmail.com (ID: 0)
2024-09-25T21:30:40.414Z [info]: Moved email to Duplicate folder
2024-09-25T21:30:40.415Z [info]: Processing message with UID: 7
2024-09-25T21:30:40.435Z [info]: Parsed email from: "Anton Merkotun" <antonmerkotun@gmail.com>
2024-09-25T21:30:40.435Z [info]: Extracted lead info: {"wunschposition":"test","name":"Lukas Alexander Hoffmann","anschrift":"Bahnhofstraße 12, Waldkraiburg, 84577","geburtsdatum":"2024-09-25T21:30:40.435Z","tel":"01526374825","geburtsort":"test","ip":"8.8.8.8","leadId":0,"eingabeschluessel":"jowwa","email":"antonmerkotun@gmail.com","emailReceived":"2024-09-25T21:24:19.000Z","emailSent":"pending","gender":"other"}
2024-09-25T21:30:40.479Z [info]: Lead exists: true
2024-09-25T21:30:40.479Z [info]: Lead already exists: antonmerkotun@gmail.com (ID: 0)
2024-09-25T21:30:40.541Z [info]: Moved email to Duplicate folder
2024-09-25T21:30:40.603Z [info]: Logged out from IMAP server
2024-09-25T21:31:11.683Z [info]: Connected to IMAP server
2024-09-25T21:31:11.818Z [info]: Connected to MongoDB
2024-09-25T21:31:12.029Z [info]: Fetched [object Object],[object Object] unseen messages
2024-09-25T21:31:12.033Z [info]: Processing message with UID: 6
2024-09-25T21:31:12.084Z [info]: Parsed email from: "Anton Merkotun" <antonmerkotun@gmail.com>
2024-09-25T21:31:12.084Z [info]: Extracted lead info: {"wunschposition":"Vollzeit","name":"Lukas Alexander Hoffmann","anschrift":"Bahnhofstraße 12, Waldkraiburg, 84577","geburtsdatum":"2024-09-25T21:31:12.084Z","tel":"01526374825","geburtsort":"Berlin","ip":"8.8.8.8","leadId":0,"eingabeschluessel":"jowwa","email":"antonmerkotun@gmail.com","emailReceived":"2024-09-25T20:09:01.000Z","emailSent":"pending","gender":"other"}
2024-09-25T21:31:12.131Z [info]: Lead exists: false
2024-09-25T21:31:12.187Z [info]: Created new lead in database: 66f48120bb18e6dae86c581b
2024-09-25T21:31:12.240Z [info]: Moved email to Processed folder
2024-09-25T21:31:12.241Z [info]: Processing message with UID: 7
2024-09-25T21:31:12.264Z [info]: Parsed email from: "Anton Merkotun" <antonmerkotun@gmail.com>
2024-09-25T21:31:12.265Z [info]: Extracted lead info: {"wunschposition":"test","name":"Lukas Alexander Hoffmann","anschrift":"Bahnhofstraße 12, Waldkraiburg, 84577","geburtsdatum":"2024-09-25T21:31:12.265Z","tel":"01526374825","geburtsort":"test","ip":"8.8.8.8","leadId":0,"eingabeschluessel":"jowwa","email":"antonmerkotun@gmail.com","emailReceived":"2024-09-25T21:24:19.000Z","emailSent":"pending","gender":"other"}
2024-09-25T21:31:12.311Z [info]: Lead exists: true
2024-09-25T21:31:12.311Z [info]: Lead already exists: antonmerkotun@gmail.com (ID: 0)
2024-09-25T21:31:12.363Z [info]: Moved email to Duplicate folder
2024-09-25T21:31:12.418Z [info]: Logged out from IMAP server
2024-09-25T21:31:59.986Z [info]: Connected to IMAP server
2024-09-25T21:32:00.074Z [info]: Connected to MongoDB
2024-09-25T21:32:00.320Z [info]: Fetched [object Object],[object Object] unseen messages
2024-09-25T21:32:00.324Z [info]: Processing message with UID: 6
2024-09-25T21:32:00.375Z [info]: Parsed email from: "Anton Merkotun" <antonmerkotun@gmail.com>
2024-09-25T21:32:00.375Z [info]: Extracted lead info: {"wunschposition":"Vollzeit","name":"Lukas Alexander Hoffmann","anschrift":"Bahnhofstraße 12, Waldkraiburg, 84577","geburtsdatum":"2024-09-25T21:32:00.375Z","tel":"01526374825","geburtsort":"Berlin","ip":"8.8.8.8","leadId":0,"eingabeschluessel":"jowwa","email":"antonmerkotun@gmail.com","emailReceived":"2024-09-25T20:09:01.000Z","emailSent":"pending","gender":"other"}
2024-09-25T21:32:00.424Z [info]: Lead exists: false
2024-09-25T21:32:00.482Z [info]: Created new lead in database: 66f481509213ec68c67e4433
2024-09-25T21:32:00.483Z [info]: Moved email to Processed folder
2024-09-25T21:32:00.483Z [info]: Processing message with UID: 7
2024-09-25T21:32:00.503Z [info]: Parsed email from: "Anton Merkotun" <antonmerkotun@gmail.com>
2024-09-25T21:32:00.503Z [info]: Extracted lead info: {"wunschposition":"test","name":"Lukas Alexander Hoffmann","anschrift":"Bahnhofstraße 12, Waldkraiburg, 84577","geburtsdatum":"2024-09-25T21:32:00.503Z","tel":"01526374825","geburtsort":"test","ip":"8.8.8.8","leadId":0,"eingabeschluessel":"jowwa","email":"antonmerkotun@gmail.com","emailReceived":"2024-09-25T21:24:19.000Z","emailSent":"pending","gender":"other"}
2024-09-25T21:32:00.549Z [info]: Lead exists: true
2024-09-25T21:32:00.549Z [info]: Lead already exists: antonmerkotun@gmail.com (ID: 0)
2024-09-25T21:32:00.549Z [info]: Moved email to Duplicate folder
2024-09-25T21:32:00.601Z [info]: Logged out from IMAP server
2024-09-25T21:37:46.082Z [info]: Connected to MongoDB
2024-09-25T21:37:46.213Z [info]: Connected to IMAP server
2024-09-25T21:37:46.636Z [info]: Fetched [object Object],[object Object],[object Object] unseen messages
2024-09-25T21:39:10.896Z [info]: Connected to IMAP server
2024-09-25T21:39:10.982Z [info]: Connected to MongoDB
2024-09-25T21:39:11.252Z [info]: Fetched [object Object],[object Object],[object Object] unseen messages
2024-09-25T21:41:03.188Z [info]: Connected to IMAP server
2024-09-25T21:41:03.324Z [info]: Connected to MongoDB
2024-09-25T21:41:03.591Z [info]: Fetched [object Object],[object Object],[object Object] unseen messages
2024-09-25T21:41:46.831Z [info]: Connected to MongoDB
2024-09-25T21:41:46.940Z [info]: Connected to IMAP server
2024-09-25T21:41:47.286Z [info]: Fetched [object Object],[object Object],[object Object] unseen messages
2024-09-25T21:42:01.631Z [info]: Connected to MongoDB
2024-09-25T21:42:01.744Z [info]: Connected to IMAP server
2024-09-25T21:42:02.151Z [info]: Fetched [object Object],[object Object],[object Object] unseen messages
2024-09-25T21:42:42.473Z [info]: Connected to MongoDB
2024-09-25T21:42:42.479Z [info]: Connected to IMAP server
2024-09-25T21:42:42.859Z [info]: Fetched [object Object],[object Object],[object Object] unseen messages
2024-09-25T21:43:22.684Z [info]: Connected to IMAP server
2024-09-25T21:43:22.759Z [info]: Connected to MongoDB
2024-09-25T21:43:23.082Z [info]: Fetched [object Object],[object Object],[object Object] unseen messages
2024-09-25T21:44:16.939Z [info]: Connected to IMAP server
2024-09-25T21:44:16.972Z [info]: Connected to MongoDB
2024-09-25T21:44:17.280Z [info]: Fetched [object Object],[object Object],[object Object] unseen messages
2024-09-25T21:45:45.091Z [info]: Connected to IMAP server
2024-09-25T21:45:45.110Z [info]: Connected to MongoDB
2024-09-25T21:45:45.431Z [info]: Fetched [object Object],[object Object],[object Object] unseen messages
2024-09-25T21:46:14.949Z [info]: Connected to MongoDB
2024-09-25T21:46:15.162Z [info]: Connected to IMAP server
2024-09-25T21:46:16.984Z [info]: Fetched [object Object],[object Object],[object Object] unseen messages
2024-09-25T21:47:34.949Z [info]: Connected to IMAP server
2024-09-25T21:47:35.117Z [info]: Connected to MongoDB
2024-09-25T21:47:35.570Z [info]: Fetched [object Object],[object Object],[object Object] unseen messages
2024-09-25T21:50:47.549Z [info]: Connected to IMAP server
2024-09-25T21:50:47.569Z [info]: Connected to MongoDB
2024-09-25T21:50:47.895Z [info]: Fetched [object Object] unseen messages
2024-09-25T21:52:04.008Z [info]: Connected to MongoDB
2024-09-25T21:52:04.053Z [info]: Connected to IMAP server
2024-09-25T21:52:04.385Z [info]: Fetched [object Object] unseen messages
2024-09-25T21:52:22.751Z [info]: Connected to IMAP server
2024-09-25T21:52:22.761Z [info]: Connected to MongoDB
2024-09-25T21:52:23.165Z [info]: Fetched [object Object],[object Object],[object Object] unseen messages
2024-09-25T21:52:48.733Z [info]: Connected to MongoDB
2024-09-25T21:52:48.819Z [info]: Connected to IMAP server
2024-09-25T21:52:49.192Z [info]: Fetched [object Object],[object Object],[object Object] unseen messages
2024-09-25T21:56:59.172Z [info]: Connected to MongoDB
2024-09-25T21:56:59.219Z [info]: Connected to IMAP server
2024-09-25T21:56:59.682Z [info]: Fetched [object Object],[object Object],[object Object] unseen messages
2024-09-25T21:57:46.665Z [info]: Connected to MongoDB
2024-09-25T21:57:46.681Z [info]: Connected to IMAP server
2024-09-25T21:57:46.949Z [info]: Fetched [object AsyncGenerator] unseen messages
2024-09-25T21:57:58.476Z [info]: Connected to MongoDB
2024-09-25T21:57:58.483Z [info]: Connected to IMAP server
2024-09-25T21:57:58.738Z [info]: Fetched [object AsyncGenerator] unseen messages
2024-09-25T21:58:13.276Z [info]: Connected to MongoDB
2024-09-25T21:58:13.362Z [info]: Connected to IMAP server
2024-09-25T21:58:13.629Z [info]: Fetched [object AsyncGenerator] unseen messages
2024-09-25T21:58:44.990Z [info]: Connected to MongoDB
2024-09-25T21:58:45.100Z [info]: Connected to IMAP server
2024-09-25T21:58:45.391Z [info]: Fetched [object AsyncGenerator] unseen messages
2024-09-25T22:00:49.899Z [info]: Connected to IMAP server
2024-09-25T22:00:49.957Z [info]: Connected to MongoDB
2024-09-25T22:00:50.208Z [info]: Fetched [object AsyncGenerator] unseen messages
2024-09-25T22:01:05.734Z [info]: Connected to IMAP server
2024-09-25T22:01:05.761Z [info]: Connected to MongoDB
2024-09-25T22:01:06.094Z [info]: Fetched [object AsyncGenerator] unseen messages
2024-09-25T22:01:26.967Z [info]: Connected to MongoDB
2024-09-25T22:01:26.983Z [info]: Connected to IMAP server
2024-09-25T22:01:27.284Z [info]: Fetched [object AsyncGenerator] unseen messages
2024-09-25T22:01:43.143Z [info]: Connected to MongoDB
2024-09-25T22:01:43.276Z [info]: Connected to IMAP server
2024-09-25T22:01:43.896Z [info]: Fetched [object AsyncGenerator] unseen messages
2024-09-25T22:02:01.289Z [info]: Connected to MongoDB
2024-09-25T22:02:01.384Z [info]: Connected to IMAP server
2024-09-25T22:02:02.704Z [info]: Fetched [object AsyncGenerator] unseen messages
2024-09-25T22:02:37.761Z [info]: Connected to MongoDB
2024-09-25T22:02:37.836Z [info]: Connected to IMAP server
2024-09-25T22:02:38.190Z [info]: Fetched [object AsyncGenerator] unseen messages
2024-09-25T22:03:40.985Z [info]: Connected to IMAP server
2024-09-25T22:03:41.080Z [info]: Connected to MongoDB
2024-09-25T22:03:41.334Z [info]: Fetched [object AsyncGenerator] unseen messages
2024-09-25T22:06:59.024Z [info]: Connected to MongoDB
2024-09-25T22:06:59.169Z [info]: Connected to IMAP server
2024-09-25T22:06:59.488Z [info]: Fetched [object AsyncGenerator] unseen messages
2024-09-25T22:07:54.819Z [info]: Connected to MongoDB
2024-09-25T22:07:57.134Z [info]: Connected to IMAP server
2024-09-25T22:07:58.154Z [info]: Fetched [object AsyncGenerator] unseen messages
2024-09-25T22:08:56.520Z [info]: Connected to MongoDB
2024-09-25T22:09:00.848Z [info]: Connected to IMAP server
2024-09-25T22:09:03.118Z [info]: Fetched [object AsyncGenerator] unseen messages
2024-09-25T22:09:44.407Z [info]: Connected to MongoDB
2024-09-25T22:09:46.775Z [info]: Connected to IMAP server
2024-09-25T22:09:50.924Z [info]: Fetched [object AsyncGenerator] unseen messages
2024-09-25T22:11:48.923Z [info]: Connected to IMAP server
2024-09-25T22:11:48.939Z [info]: Connected to MongoDB
2024-09-25T22:11:49.222Z [info]: Fetched [object AsyncGenerator] unseen messages
2024-09-25T22:13:12.211Z [info]: Connected to MongoDB
2024-09-25T22:13:12.592Z [info]: Connected to IMAP server
2024-09-25T22:13:12.917Z [info]: Fetched [object AsyncGenerator] unseen messages
2024-09-25T22:14:11.447Z [info]: Connected to MongoDB
2024-09-25T22:14:11.531Z [info]: Connected to IMAP server
2024-09-25T22:14:11.812Z [info]: Fetched [object AsyncGenerator] unseen messages
2024-09-25T22:16:35.688Z [info]: Connected to IMAP server
2024-09-25T22:16:35.697Z [info]: Connected to MongoDB
2024-09-25T22:16:35.980Z [info]: Fetched [object AsyncGenerator] unseen messages
2024-09-25T22:17:17.973Z [info]: Connected to IMAP server
2024-09-25T22:17:17.994Z [info]: Connected to MongoDB
2024-09-25T22:17:18.302Z [info]: Fetched [object AsyncGenerator] unseen messages
2024-09-25T22:17:38.326Z [info]: Connected to MongoDB
2024-09-25T22:17:38.347Z [info]: Connected to IMAP server
2024-09-25T22:17:38.612Z [info]: Fetched [object AsyncGenerator] unseen messages
2024-09-25T22:18:07.776Z [info]: Connected to MongoDB
2024-09-25T22:18:07.878Z [info]: Connected to IMAP server
2024-09-25T22:18:08.195Z [info]: Fetched [object AsyncGenerator] unseen messages
2024-09-25T22:22:50.052Z [info]: Connected to MongoDB
2024-09-25T22:22:50.069Z [info]: Connected to IMAP server
2024-09-25T22:22:50.351Z [info]: Fetched [object AsyncGenerator] unseen messages
2024-09-25T22:26:17.995Z [info]: Processed 0 new leads
2024-09-25T22:27:25.804Z [info]: Processed 0 new leads
2024-09-25T22:27:42.718Z [info]: Connected to MongoDB
2024-09-25T22:27:42.801Z [info]: Connected to IMAP server
2024-09-25T22:27:43.048Z [info]: Fetched [object AsyncGenerator] unseen messages
2024-09-25T22:27:49.836Z [error]: Failed to send email to antonmerkotun@gmail.com: 40F266FF01000000:error:0A00010B:SSL routines:ssl3_get_record:wrong version number:../deps/openssl/openssl/ssl/record/ssl3_record.c:355:

2024-09-25T22:27:49.837Z [error]: Error processing lead antonmerkotun@gmail.com: 40F266FF01000000:error:0A00010B:SSL routines:ssl3_get_record:wrong version number:../deps/openssl/openssl/ssl/record/ssl3_record.c:355:

2024-09-25T22:27:49.928Z [error]: Failed to send email to mav4932@gmail.com: 40F266FF01000000:error:0A00010B:SSL routines:ssl3_get_record:wrong version number:../deps/openssl/openssl/ssl/record/ssl3_record.c:355:

2024-09-25T22:27:49.929Z [error]: Error processing lead mav4932@gmail.com: 40F266FF01000000:error:0A00010B:SSL routines:ssl3_get_record:wrong version number:../deps/openssl/openssl/ssl/record/ssl3_record.c:355:

2024-09-25T22:27:49.930Z [info]: Processed 2 new leads
2024-09-25T22:28:45.136Z [info]: Processed 0 new leads
2024-09-25T22:29:21.796Z [error]: Failed to send email to antonmerkotun@gmail.com: 40F266FF01000000:error:0A00010B:SSL routines:ssl3_get_record:wrong version number:../deps/openssl/openssl/ssl/record/ssl3_record.c:355:

2024-09-25T22:29:21.798Z [error]: Error processing lead antonmerkotun@gmail.com: 40F266FF01000000:error:0A00010B:SSL routines:ssl3_get_record:wrong version number:../deps/openssl/openssl/ssl/record/ssl3_record.c:355:

2024-09-25T22:29:21.799Z [info]: Processed 1 new leads
2024-09-25T22:29:56.121Z [error]: Failed to send email to antonmerkotun@gmail.com: 40F266FF01000000:error:0A00010B:SSL routines:ssl3_get_record:wrong version number:../deps/openssl/openssl/ssl/record/ssl3_record.c:355:

2024-09-25T22:29:56.123Z [error]: Error processing lead antonmerkotun@gmail.com: 40F266FF01000000:error:0A00010B:SSL routines:ssl3_get_record:wrong version number:../deps/openssl/openssl/ssl/record/ssl3_record.c:355:

2024-09-25T22:29:56.124Z [info]: Processed 1 new leads
2024-09-25T22:31:05.782Z [error]: Failed to send email to antonmerkotun@gmail.com: 40F266FF01000000:error:0A00010B:SSL routines:ssl3_get_record:wrong version number:../deps/openssl/openssl/ssl/record/ssl3_record.c:355:

2024-09-25T22:31:05.785Z [error]: Error processing lead antonmerkotun@gmail.com: 40F266FF01000000:error:0A00010B:SSL routines:ssl3_get_record:wrong version number:../deps/openssl/openssl/ssl/record/ssl3_record.c:355:

2024-09-25T22:31:05.785Z [info]: Processed 1 new leads
2024-09-25T22:33:34.157Z [info]: Email sent successfully to antonmerkotun@gmail.com
2024-09-25T22:33:34.160Z [info]: Processed 1 new leads
2024-09-25T22:34:04.579Z [info]: Processed 0 new leads
2024-09-25T22:34:20.261Z [error]: Failed to send email to antonmerkotun@gmail.com: ENOENT: no such file or directory, open '/Users/antonmerkotun/Documents/study/email-parser/email-parser/src/resources/test.pdf'
2024-09-25T22:34:20.263Z [error]: Error processing lead antonmerkotun@gmail.com: ENOENT: no such file or directory, open '/Users/antonmerkotun/Documents/study/email-parser/email-parser/src/resources/test.pdf'
2024-09-25T22:34:20.264Z [info]: Processed 1 new leads
2024-09-25T22:35:10.254Z [error]: Failed to send email to antonmerkotun@gmail.com: ENOENT: no such file or directory, open '/Users/antonmerkotun/Documents/study/email-parser/email-parser/src/resources/test.pdf'
2024-09-25T22:35:10.256Z [error]: Error processing lead antonmerkotun@gmail.com: ENOENT: no such file or directory, open '/Users/antonmerkotun/Documents/study/email-parser/email-parser/src/resources/test.pdf'
2024-09-25T22:35:10.257Z [info]: Processed 1 new leads
2024-09-25T22:35:29.545Z [error]: Failed to send email to antonmerkotun@gmail.com: ENOENT: no such file or directory, open '/Users/antonmerkotun/Documents/study/email-parser/email-parser/src/resources/test.pdf'
2024-09-25T22:35:29.547Z [error]: Error processing lead antonmerkotun@gmail.com: ENOENT: no such file or directory, open '/Users/antonmerkotun/Documents/study/email-parser/email-parser/src/resources/test.pdf'
2024-09-25T22:35:29.547Z [info]: Processed 1 new leads
2024-09-25T22:35:43.390Z [error]: Failed to send email to antonmerkotun@gmail.com: ENOENT: no such file or directory, open '/Users/antonmerkotun/Documents/study/email-parser/email-parser/src/test.pdf'
2024-09-25T22:35:43.392Z [error]: Error processing lead antonmerkotun@gmail.com: ENOENT: no such file or directory, open '/Users/antonmerkotun/Documents/study/email-parser/email-parser/src/test.pdf'
2024-09-25T22:35:43.392Z [info]: Processed 1 new leads
2024-09-25T22:36:00.069Z [error]: Failed to send email to antonmerkotun@gmail.com: ENOENT: no such file or directory, open '/Users/antonmerkotun/Documents/study/email-parser/email-parser/src/resources/test.pdf'
2024-09-25T22:36:00.071Z [error]: Error processing lead antonmerkotun@gmail.com: ENOENT: no such file or directory, open '/Users/antonmerkotun/Documents/study/email-parser/email-parser/src/resources/test.pdf'
2024-09-25T22:36:00.071Z [info]: Processed 1 new leads
2024-09-25T22:36:38.845Z [error]: Failed to send email to antonmerkotun@gmail.com: ENOENT: no such file or directory, open '/Users/antonmerkotun/Documents/study/email-parser/email-parser/src/Users/antonmerkotun/Documents/study/email-parser/email-parser/resources/test.pdf'
2024-09-25T22:36:38.846Z [error]: Error processing lead antonmerkotun@gmail.com: ENOENT: no such file or directory, open '/Users/antonmerkotun/Documents/study/email-parser/email-parser/src/Users/antonmerkotun/Documents/study/email-parser/email-parser/resources/test.pdf'
2024-09-25T22:36:38.846Z [info]: Processed 1 new leads
2024-09-25T22:36:55.213Z [error]: Failed to send email to antonmerkotun@gmail.com: ENOENT: no such file or directory, open '/Users/antonmerkotun/Documents/study/email-parser/email-parser/src/resources/test.pdf'
2024-09-25T22:36:55.215Z [error]: Error processing lead antonmerkotun@gmail.com: ENOENT: no such file or directory, open '/Users/antonmerkotun/Documents/study/email-parser/email-parser/src/resources/test.pdf'
2024-09-25T22:36:55.215Z [info]: Processed 1 new leads
2024-09-25T22:37:28.453Z [error]: Failed to send email to antonmerkotun@gmail.com: ENOENT: no such file or directory, open '/Users/antonmerkotun/Documents/study/email-parser/email-parser/src/resources/test.pdf'
2024-09-25T22:37:28.455Z [error]: Error processing lead antonmerkotun@gmail.com: ENOENT: no such file or directory, open '/Users/antonmerkotun/Documents/study/email-parser/email-parser/src/resources/test.pdf'
2024-09-25T22:37:28.455Z [info]: Processed 1 new leads
2024-09-25T22:38:05.118Z [error]: Failed to send email to antonmerkotun@gmail.com: ENOENT: no such file or directory, open '/Users/antonmerkotun/Documents/study/email-parser/email-parser/src/resources/test.pdf'
2024-09-25T22:38:05.120Z [error]: Error processing lead antonmerkotun@gmail.com: ENOENT: no such file or directory, open '/Users/antonmerkotun/Documents/study/email-parser/email-parser/src/resources/test.pdf'
2024-09-25T22:38:05.120Z [info]: Processed 1 new leads
2024-09-25T22:38:19.334Z [error]: Failed to send email to antonmerkotun@gmail.com: ENOENT: no such file or directory, open '/Users/antonmerkotun/Documents/study/email-parser/email-parser/src/resources/test.pdf'
2024-09-25T22:38:19.335Z [error]: Error processing lead antonmerkotun@gmail.com: ENOENT: no such file or directory, open '/Users/antonmerkotun/Documents/study/email-parser/email-parser/src/resources/test.pdf'
2024-09-25T22:38:19.336Z [info]: Processed 1 new leads
2024-09-25T22:38:41.823Z [error]: Failed to send email to antonmerkotun@gmail.com: ENOENT: no such file or directory, open '/Users/antonmerkotun/Documents/study/email-parser/email-parser/src/resources/test.pdf'
2024-09-25T22:38:41.825Z [error]: Error processing lead antonmerkotun@gmail.com: ENOENT: no such file or directory, open '/Users/antonmerkotun/Documents/study/email-parser/email-parser/src/resources/test.pdf'
2024-09-25T22:38:41.825Z [info]: Processed 1 new leads
2024-09-25T22:39:48.642Z [info]: Email sent successfully to antonmerkotun@gmail.com
2024-09-25T22:39:48.643Z [info]: Processed 1 new leads
2024-09-26T08:46:26.323Z [info]: Connected to MongoDB
2024-09-26T08:46:26.432Z [info]: Connected to IMAP server
2024-09-26T08:46:26.721Z [info]: Fetched [object AsyncGenerator] unseen messages
2024-09-26T08:47:11.331Z [info]: Connected to IMAP server
2024-09-26T08:47:11.356Z [info]: Connected to MongoDB
2024-09-26T08:47:11.605Z [info]: Fetched [object AsyncGenerator] unseen messages
2024-09-26T08:47:27.326Z [info]: Email sent successfully to antonmerkotun@gmail.com
2024-09-26T08:47:28.413Z [info]: Email sent successfully to mav4932@gmail.com
2024-09-26T08:47:28.414Z [info]: Processed 2 new leads
2024-09-26T11:35:11.691Z [info]: Connected to IMAP server
2024-09-26T11:35:12.020Z [info]: Fetched [object AsyncGenerator] unseen messages
2024-09-26T11:35:12.700Z [info]: Connected to MongoDB
2024-09-26T12:52:48.124Z [info]: Finished
2024-09-26T12:54:17.535Z [info]: Connected to IMAP server
2024-09-26T12:54:17.732Z [info]: Fetched [object AsyncGenerator] unseen messages
2024-09-26T12:54:27.857Z [error]: Parsing error for email 10: Operation `leads.findOne()` buffering timed out after 10000ms
2024-09-26T12:54:47.206Z [error]: MongoDB connection error: Could not connect to any servers in your MongoDB Atlas cluster. One common reason is that you're trying to access the database from an IP that isn't whitelisted. Make sure your current IP address is on your Atlas cluster's IP whitelist: https://www.mongodb.com/docs/atlas/security-whitelist/
2024-09-26T12:56:43.946Z [info]: Connected to IMAP server
2024-09-26T12:56:44.137Z [info]: Fetched [object AsyncGenerator] unseen messages
2024-09-26T12:56:54.263Z [error]: Parsing error for email 10: Operation `leads.findOne()` buffering timed out after 10000ms
2024-09-26T12:57:13.602Z [error]: MongoDB connection error: Could not connect to any servers in your MongoDB Atlas cluster. One common reason is that you're trying to access the database from an IP that isn't whitelisted. Make sure your current IP address is on your Atlas cluster's IP whitelist: https://www.mongodb.com/docs/atlas/security-whitelist/
