2024-09-25T19:32:10.719Z [error]: MongoDB connection error: The `uri` parameter to `openUri()` must be a string, got "undefined". Make sure the first parameter to `mongoose.connect()` or `mongoose.createConnection()` is a string.
2024-09-25T19:32:22.141Z [error]: Parsing error for email 3: Operation `leads.findOne()` buffering timed out after 10000ms
2024-09-25T19:33:27.959Z [error]: MongoDB connection error: The `uri` parameter to `openUri()` must be a string, got "undefined". Make sure the first parameter to `mongoose.connect()` or `mongoose.createConnection()` is a string.
2024-09-25T19:33:35.749Z [error]: MongoDB connection error: The `uri` parameter to `openUri()` must be a string, got "undefined". Make sure the first parameter to `mongoose.connect()` or `mongoose.createConnection()` is a string.
2024-09-25T19:34:02.562Z [error]: MongoDB connection error: The `uri` parameter to `openUri()` must be a string, got "undefined". Make sure the first parameter to `mongoose.connect()` or `mongoose.createConnection()` is a string.
2024-09-25T19:34:11.549Z [error]: MongoDB connection error: The `uri` parameter to `openUri()` must be a string, got "undefined". Make sure the first parameter to `mongoose.connect()` or `mongoose.createConnection()` is a string.
2024-09-25T19:35:05.395Z [error]: MongoDB connection error: The `uri` parameter to `openUri()` must be a string, got "undefined". Make sure the first parameter to `mongoose.connect()` or `mongoose.createConnection()` is a string.
2024-09-25T19:35:29.122Z [error]: MongoDB connection error: The `uri` parameter to `openUri()` must be a string, got "undefined". Make sure the first parameter to `mongoose.connect()` or `mongoose.createConnection()` is a string.
2024-09-25T19:36:01.028Z [error]: MongoDB connection error: The `uri` parameter to `openUri()` must be a string, got "undefined". Make sure the first parameter to `mongoose.connect()` or `mongoose.createConnection()` is a string.
2024-09-25T21:00:03.201Z [error]: Parsing error for email 6: Connection not available
2024-09-25T22:27:49.836Z [error]: Failed to send email to antonmerkotun@gmail.com: 40F266FF01000000:error:0A00010B:SSL routines:ssl3_get_record:wrong version number:../deps/openssl/openssl/ssl/record/ssl3_record.c:355:

2024-09-25T22:27:49.837Z [error]: Error processing lead antonmerkotun@gmail.com: 40F266FF01000000:error:0A00010B:SSL routines:ssl3_get_record:wrong version number:../deps/openssl/openssl/ssl/record/ssl3_record.c:355:

2024-09-25T22:27:49.928Z [error]: Failed to send email to mav4932@gmail.com: 40F266FF01000000:error:0A00010B:SSL routines:ssl3_get_record:wrong version number:../deps/openssl/openssl/ssl/record/ssl3_record.c:355:

2024-09-25T22:27:49.929Z [error]: Error processing lead mav4932@gmail.com: 40F266FF01000000:error:0A00010B:SSL routines:ssl3_get_record:wrong version number:../deps/openssl/openssl/ssl/record/ssl3_record.c:355:

2024-09-25T22:29:21.796Z [error]: Failed to send email to antonmerkotun@gmail.com: 40F266FF01000000:error:0A00010B:SSL routines:ssl3_get_record:wrong version number:../deps/openssl/openssl/ssl/record/ssl3_record.c:355:

2024-09-25T22:29:21.798Z [error]: Error processing lead antonmerkotun@gmail.com: 40F266FF01000000:error:0A00010B:SSL routines:ssl3_get_record:wrong version number:../deps/openssl/openssl/ssl/record/ssl3_record.c:355:

2024-09-25T22:29:56.121Z [error]: Failed to send email to antonmerkotun@gmail.com: 40F266FF01000000:error:0A00010B:SSL routines:ssl3_get_record:wrong version number:../deps/openssl/openssl/ssl/record/ssl3_record.c:355:

2024-09-25T22:29:56.123Z [error]: Error processing lead antonmerkotun@gmail.com: 40F266FF01000000:error:0A00010B:SSL routines:ssl3_get_record:wrong version number:../deps/openssl/openssl/ssl/record/ssl3_record.c:355:

2024-09-25T22:31:05.782Z [error]: Failed to send email to antonmerkotun@gmail.com: 40F266FF01000000:error:0A00010B:SSL routines:ssl3_get_record:wrong version number:../deps/openssl/openssl/ssl/record/ssl3_record.c:355:

2024-09-25T22:31:05.785Z [error]: Error processing lead antonmerkotun@gmail.com: 40F266FF01000000:error:0A00010B:SSL routines:ssl3_get_record:wrong version number:../deps/openssl/openssl/ssl/record/ssl3_record.c:355:

2024-09-25T22:34:20.261Z [error]: Failed to send email to antonmerkotun@gmail.com: ENOENT: no such file or directory, open '/Users/antonmerkotun/Documents/study/email-parser/email-parser/src/resources/test.pdf'
2024-09-25T22:34:20.263Z [error]: Error processing lead antonmerkotun@gmail.com: ENOENT: no such file or directory, open '/Users/antonmerkotun/Documents/study/email-parser/email-parser/src/resources/test.pdf'
2024-09-25T22:35:10.254Z [error]: Failed to send email to antonmerkotun@gmail.com: ENOENT: no such file or directory, open '/Users/antonmerkotun/Documents/study/email-parser/email-parser/src/resources/test.pdf'
2024-09-25T22:35:10.256Z [error]: Error processing lead antonmerkotun@gmail.com: ENOENT: no such file or directory, open '/Users/antonmerkotun/Documents/study/email-parser/email-parser/src/resources/test.pdf'
2024-09-25T22:35:29.545Z [error]: Failed to send email to antonmerkotun@gmail.com: ENOENT: no such file or directory, open '/Users/antonmerkotun/Documents/study/email-parser/email-parser/src/resources/test.pdf'
2024-09-25T22:35:29.547Z [error]: Error processing lead antonmerkotun@gmail.com: ENOENT: no such file or directory, open '/Users/antonmerkotun/Documents/study/email-parser/email-parser/src/resources/test.pdf'
2024-09-25T22:35:43.390Z [error]: Failed to send email to antonmerkotun@gmail.com: ENOENT: no such file or directory, open '/Users/antonmerkotun/Documents/study/email-parser/email-parser/src/test.pdf'
2024-09-25T22:35:43.392Z [error]: Error processing lead antonmerkotun@gmail.com: ENOENT: no such file or directory, open '/Users/antonmerkotun/Documents/study/email-parser/email-parser/src/test.pdf'
2024-09-25T22:36:00.069Z [error]: Failed to send email to antonmerkotun@gmail.com: ENOENT: no such file or directory, open '/Users/antonmerkotun/Documents/study/email-parser/email-parser/src/resources/test.pdf'
2024-09-25T22:36:00.071Z [error]: Error processing lead antonmerkotun@gmail.com: ENOENT: no such file or directory, open '/Users/antonmerkotun/Documents/study/email-parser/email-parser/src/resources/test.pdf'
2024-09-25T22:36:38.845Z [error]: Failed to send email to antonmerkotun@gmail.com: ENOENT: no such file or directory, open '/Users/antonmerkotun/Documents/study/email-parser/email-parser/src/Users/antonmerkotun/Documents/study/email-parser/email-parser/resources/test.pdf'
2024-09-25T22:36:38.846Z [error]: Error processing lead antonmerkotun@gmail.com: ENOENT: no such file or directory, open '/Users/antonmerkotun/Documents/study/email-parser/email-parser/src/Users/antonmerkotun/Documents/study/email-parser/email-parser/resources/test.pdf'
2024-09-25T22:36:55.213Z [error]: Failed to send email to antonmerkotun@gmail.com: ENOENT: no such file or directory, open '/Users/antonmerkotun/Documents/study/email-parser/email-parser/src/resources/test.pdf'
2024-09-25T22:36:55.215Z [error]: Error processing lead antonmerkotun@gmail.com: ENOENT: no such file or directory, open '/Users/antonmerkotun/Documents/study/email-parser/email-parser/src/resources/test.pdf'
2024-09-25T22:37:28.453Z [error]: Failed to send email to antonmerkotun@gmail.com: ENOENT: no such file or directory, open '/Users/antonmerkotun/Documents/study/email-parser/email-parser/src/resources/test.pdf'
2024-09-25T22:37:28.455Z [error]: Error processing lead antonmerkotun@gmail.com: ENOENT: no such file or directory, open '/Users/antonmerkotun/Documents/study/email-parser/email-parser/src/resources/test.pdf'
2024-09-25T22:38:05.118Z [error]: Failed to send email to antonmerkotun@gmail.com: ENOENT: no such file or directory, open '/Users/antonmerkotun/Documents/study/email-parser/email-parser/src/resources/test.pdf'
2024-09-25T22:38:05.120Z [error]: Error processing lead antonmerkotun@gmail.com: ENOENT: no such file or directory, open '/Users/antonmerkotun/Documents/study/email-parser/email-parser/src/resources/test.pdf'
2024-09-25T22:38:19.334Z [error]: Failed to send email to antonmerkotun@gmail.com: ENOENT: no such file or directory, open '/Users/antonmerkotun/Documents/study/email-parser/email-parser/src/resources/test.pdf'
2024-09-25T22:38:19.335Z [error]: Error processing lead antonmerkotun@gmail.com: ENOENT: no such file or directory, open '/Users/antonmerkotun/Documents/study/email-parser/email-parser/src/resources/test.pdf'
2024-09-25T22:38:41.823Z [error]: Failed to send email to antonmerkotun@gmail.com: ENOENT: no such file or directory, open '/Users/antonmerkotun/Documents/study/email-parser/email-parser/src/resources/test.pdf'
2024-09-25T22:38:41.825Z [error]: Error processing lead antonmerkotun@gmail.com: ENOENT: no such file or directory, open '/Users/antonmerkotun/Documents/study/email-parser/email-parser/src/resources/test.pdf'
